ERROR - 2023-02-20 00:54:51 --> Error connecting to the database: mysqli_sql_exception: Access denied for user ''@'localhost' (using password: NO) in C:\xampp\htdocs\test\ecommerce\system\Database\MySQLi\Connection.php:171
Stack trace:
#0 C:\xampp\htdocs\test\ecommerce\system\Database\MySQLi\Connection.php(171): mysqli->real_connect('localhost', '', '', 'ecommerce', 3306, '', 0)
#1 C:\xampp\htdocs\test\ecommerce\system\Database\BaseConnection.php(382): CodeIgniter\Database\MySQLi\Connection->connect(false)
#2 C:\xampp\htdocs\test\ecommerce\system\Database\BaseConnection.php(588): CodeIgniter\Database\BaseConnection->initialize()
#3 C:\xampp\htdocs\test\ecommerce\system\Database\BaseBuilder.php(1585): CodeIgniter\Database\BaseConnection->query('SELECT *\nFROM `...', Array, false)
#4 C:\xampp\htdocs\test\ecommerce\app\Controllers\Admin\Login.php(81): CodeIgniter\Database\BaseBuilder->get()
#5 C:\xampp\htdocs\test\ecommerce\app\Controllers\Admin\Login.php(41): App\Controllers\Admin\Login->loginMe('admin@gmail.com', '12345678')
#6 C:\xampp\htdocs\test\ecommerce\system\CodeIgniter.php(904): App\Controllers\Admin\Login->login_action()
#7 C:\xampp\htdocs\test\ecommerce\system\CodeIgniter.php(457): CodeIgniter\CodeIgniter->runController(Object(App\Controllers\Admin\Login))
#8 C:\xampp\htdocs\test\ecommerce\system\CodeIgniter.php(340): CodeIgniter\CodeIgniter->handleRequest(NULL, Object(Config\Cache), false)
#9 C:\xampp\htdocs\test\ecommerce\public\index.php(67): CodeIgniter\CodeIgniter->run()
#10 {main}

Next CodeIgniter\Database\Exceptions\DatabaseException: Access denied for user ''@'localhost' (using password: NO) in C:\xampp\htdocs\test\ecommerce\system\Database\MySQLi\Connection.php:215
Stack trace:
#0 C:\xampp\htdocs\test\ecommerce\system\Database\BaseConnection.php(382): CodeIgniter\Database\MySQLi\Connection->connect(false)
#1 C:\xampp\htdocs\test\ecommerce\system\Database\BaseConnection.php(588): CodeIgniter\Database\BaseConnection->initialize()
#2 C:\xampp\htdocs\test\ecommerce\system\Database\BaseBuilder.php(1585): CodeIgniter\Database\BaseConnection->query('SELECT *\nFROM `...', Array, false)
#3 C:\xampp\htdocs\test\ecommerce\app\Controllers\Admin\Login.php(81): CodeIgniter\Database\BaseBuilder->get()
#4 C:\xampp\htdocs\test\ecommerce\app\Controllers\Admin\Login.php(41): App\Controllers\Admin\Login->loginMe('admin@gmail.com', '12345678')
#5 C:\xampp\htdocs\test\ecommerce\system\CodeIgniter.php(904): App\Controllers\Admin\Login->login_action()
#6 C:\xampp\htdocs\test\ecommerce\system\CodeIgniter.php(457): CodeIgniter\CodeIgniter->runController(Object(App\Controllers\Admin\Login))
#7 C:\xampp\htdocs\test\ecommerce\system\CodeIgniter.php(340): CodeIgniter\CodeIgniter->handleRequest(NULL, Object(Config\Cache), false)
#8 C:\xampp\htdocs\test\ecommerce\public\index.php(67): CodeIgniter\CodeIgniter->run()
#9 {main}
CRITICAL - 2023-02-20 00:54:51 --> Unable to connect to the database.
Main connection [MySQLi]: Access denied for user ''@'localhost' (using password: NO)
in SYSTEMPATH\Database\BaseConnection.php on line 418.
 1 SYSTEMPATH\Database\BaseConnection.php(588): CodeIgniter\Database\BaseConnection->initialize()
 2 SYSTEMPATH\Database\BaseBuilder.php(1585): CodeIgniter\Database\BaseConnection->query('SELECT *
FROM `users`
WHERE `email` = :email:
AND `status` = :status:', [...], false)
 3 APPPATH\Controllers\Admin\Login.php(81): CodeIgniter\Database\BaseBuilder->get()
 4 APPPATH\Controllers\Admin\Login.php(41): App\Controllers\Admin\Login->loginMe('admin@gmail.com', '12345678')
 5 SYSTEMPATH\CodeIgniter.php(904): App\Controllers\Admin\Login->login_action()
 6 SYSTEMPATH\CodeIgniter.php(457): CodeIgniter\CodeIgniter->runController(Object(App\Controllers\Admin\Login))
 7 SYSTEMPATH\CodeIgniter.php(340): CodeIgniter\CodeIgniter->handleRequest(null, Object(Config\Cache), false)
 8 FCPATH\index.php(67): CodeIgniter\CodeIgniter->run()
CRITICAL - 2023-02-20 05:22:35 --> Undefined variable: role_id
in APPPATH\Controllers\Admin\Dashboard.php on line 32.
 1 APPPATH\Controllers\Admin\Dashboard.php(32): CodeIgniter\Debug\Exceptions->errorHandler(8, 'Undefined variable: role_id', 'APPPATH\\Controllers\\Admin\\Dashboard.php', 32, [...])
 2 SYSTEMPATH\CodeIgniter.php(904): App\Controllers\Admin\Dashboard->index()
 3 SYSTEMPATH\CodeIgniter.php(457): CodeIgniter\CodeIgniter->runController(Object(App\Controllers\Admin\Dashboard))
 4 SYSTEMPATH\CodeIgniter.php(340): CodeIgniter\CodeIgniter->handleRequest(null, Object(Config\Cache), false)
 5 FCPATH\index.php(67): CodeIgniter\CodeIgniter->run()
CRITICAL - 2023-02-20 05:23:37 --> Invalid file: no_permission.php
in SYSTEMPATH\Exceptions\FrameworkException.php on line 33.
 1 SYSTEMPATH\View\View.php(201): CodeIgniter\Exceptions\FrameworkException::forInvalidFile('no_permission.php')
 2 SYSTEMPATH\Common.php(1137): CodeIgniter\View\View->render('no_permission', [], true)
 3 APPPATH\Controllers\Admin\Dashboard.php(42): view('no_permission')
 4 SYSTEMPATH\CodeIgniter.php(904): App\Controllers\Admin\Dashboard->index()
 5 SYSTEMPATH\CodeIgniter.php(457): CodeIgniter\CodeIgniter->runController(Object(App\Controllers\Admin\Dashboard))
 6 SYSTEMPATH\CodeIgniter.php(340): CodeIgniter\CodeIgniter->handleRequest(null, Object(Config\Cache), false)
 7 FCPATH\index.php(67): CodeIgniter\CodeIgniter->run()
CRITICAL - 2023-02-20 05:41:52 --> syntax error, unexpected '}', expecting end of file
in APPPATH\Helpers\Global_helper.php on line 174.
 1 SYSTEMPATH\Controller.php(85): helper([...])
 2 APPPATH\Controllers\BaseController.php(46): CodeIgniter\Controller->initController(Object(CodeIgniter\HTTP\IncomingRequest), Object(CodeIgniter\HTTP\Response), Object(CodeIgniter\Log\Logger))
 3 SYSTEMPATH\CodeIgniter.php(867): App\Controllers\BaseController->initController(Object(CodeIgniter\HTTP\IncomingRequest), Object(CodeIgniter\HTTP\Response), Object(CodeIgniter\Log\Logger))
 4 SYSTEMPATH\CodeIgniter.php(448): CodeIgniter\CodeIgniter->createController()
 5 SYSTEMPATH\CodeIgniter.php(340): CodeIgniter\CodeIgniter->handleRequest(null, Object(Config\Cache), false)
 6 FCPATH\index.php(67): CodeIgniter\CodeIgniter->run()
CRITICAL - 2023-02-20 05:42:07 --> Undefined variable: title
in APPPATH\Views\Admin\sidebar.php on line 50.
 1 APPPATH\Views\Admin\sidebar.php(50): CodeIgniter\Debug\Exceptions->errorHandler(8, 'Undefined variable: title', 'APPPATH\\Views\\Admin\\sidebar.php', 50, [...])
 2 SYSTEMPATH\View\View.php(213): include('APPPATH\\Views\\Admin\\sidebar.php')
 3 SYSTEMPATH\View\View.php(216): CodeIgniter\View\View->CodeIgniter\View\{closure}()
 4 SYSTEMPATH\Common.php(1137): CodeIgniter\View\View->render('Admin/sidebar', [], true)
 5 APPPATH\Controllers\Admin\Dashboard.php(38): view('Admin/sidebar')
 6 SYSTEMPATH\CodeIgniter.php(904): App\Controllers\Admin\Dashboard->index()
 7 SYSTEMPATH\CodeIgniter.php(457): CodeIgniter\CodeIgniter->runController(Object(App\Controllers\Admin\Dashboard))
 8 SYSTEMPATH\CodeIgniter.php(340): CodeIgniter\CodeIgniter->handleRequest(null, Object(Config\Cache), false)
 9 FCPATH\index.php(67): CodeIgniter\CodeIgniter->run()
CRITICAL - 2023-02-20 05:42:12 --> Undefined variable: title
in APPPATH\Views\Admin\sidebar.php on line 50.
 1 APPPATH\Views\Admin\sidebar.php(50): CodeIgniter\Debug\Exceptions->errorHandler(8, 'Undefined variable: title', 'APPPATH\\Views\\Admin\\sidebar.php', 50, [...])
 2 SYSTEMPATH\View\View.php(213): include('APPPATH\\Views\\Admin\\sidebar.php')
 3 SYSTEMPATH\View\View.php(216): CodeIgniter\View\View->CodeIgniter\View\{closure}()
 4 SYSTEMPATH\Common.php(1137): CodeIgniter\View\View->render('Admin/sidebar', [], true)
 5 APPPATH\Controllers\Admin\Dashboard.php(38): view('Admin/sidebar')
 6 SYSTEMPATH\CodeIgniter.php(904): App\Controllers\Admin\Dashboard->index()
 7 SYSTEMPATH\CodeIgniter.php(457): CodeIgniter\CodeIgniter->runController(Object(App\Controllers\Admin\Dashboard))
 8 SYSTEMPATH\CodeIgniter.php(340): CodeIgniter\CodeIgniter->handleRequest(null, Object(Config\Cache), false)
 9 FCPATH\index.php(67): CodeIgniter\CodeIgniter->run()
CRITICAL - 2023-02-20 05:42:21 --> Undefined variable: title
in APPPATH\Views\Admin\sidebar.php on line 50.
 1 APPPATH\Views\Admin\sidebar.php(50): CodeIgniter\Debug\Exceptions->errorHandler(8, 'Undefined variable: title', 'APPPATH\\Views\\Admin\\sidebar.php', 50, [...])
 2 SYSTEMPATH\View\View.php(213): include('APPPATH\\Views\\Admin\\sidebar.php')
 3 SYSTEMPATH\View\View.php(216): CodeIgniter\View\View->CodeIgniter\View\{closure}()
 4 SYSTEMPATH\Common.php(1137): CodeIgniter\View\View->render('Admin/sidebar', [], true)
 5 APPPATH\Controllers\Admin\Dashboard.php(38): view('Admin/sidebar')
 6 SYSTEMPATH\CodeIgniter.php(904): App\Controllers\Admin\Dashboard->index()
 7 SYSTEMPATH\CodeIgniter.php(457): CodeIgniter\CodeIgniter->runController(Object(App\Controllers\Admin\Dashboard))
 8 SYSTEMPATH\CodeIgniter.php(340): CodeIgniter\CodeIgniter->handleRequest(null, Object(Config\Cache), false)
 9 FCPATH\index.php(67): CodeIgniter\CodeIgniter->run()
CRITICAL - 2023-02-20 05:42:26 --> Undefined variable: title
in APPPATH\Views\Admin\sidebar.php on line 50.
 1 APPPATH\Views\Admin\sidebar.php(50): CodeIgniter\Debug\Exceptions->errorHandler(8, 'Undefined variable: title', 'APPPATH\\Views\\Admin\\sidebar.php', 50, [...])
 2 SYSTEMPATH\View\View.php(213): include('APPPATH\\Views\\Admin\\sidebar.php')
 3 SYSTEMPATH\View\View.php(216): CodeIgniter\View\View->CodeIgniter\View\{closure}()
 4 SYSTEMPATH\Common.php(1137): CodeIgniter\View\View->render('Admin/sidebar', [], true)
 5 APPPATH\Controllers\Admin\Dashboard.php(38): view('Admin/sidebar')
 6 SYSTEMPATH\CodeIgniter.php(904): App\Controllers\Admin\Dashboard->index()
 7 SYSTEMPATH\CodeIgniter.php(457): CodeIgniter\CodeIgniter->runController(Object(App\Controllers\Admin\Dashboard))
 8 SYSTEMPATH\CodeIgniter.php(340): CodeIgniter\CodeIgniter->handleRequest(null, Object(Config\Cache), false)
 9 FCPATH\index.php(67): CodeIgniter\CodeIgniter->run()
CRITICAL - 2023-02-20 05:42:36 --> Undefined variable: title
in APPPATH\Views\Admin\sidebar.php on line 50.
 1 APPPATH\Views\Admin\sidebar.php(50): CodeIgniter\Debug\Exceptions->errorHandler(8, 'Undefined variable: title', 'APPPATH\\Views\\Admin\\sidebar.php', 50, [...])
 2 SYSTEMPATH\View\View.php(213): include('APPPATH\\Views\\Admin\\sidebar.php')
 3 SYSTEMPATH\View\View.php(216): CodeIgniter\View\View->CodeIgniter\View\{closure}()
 4 SYSTEMPATH\Common.php(1137): CodeIgniter\View\View->render('Admin/sidebar', [], true)
 5 APPPATH\Controllers\Admin\Dashboard.php(38): view('Admin/sidebar')
 6 SYSTEMPATH\CodeIgniter.php(904): App\Controllers\Admin\Dashboard->index()
 7 SYSTEMPATH\CodeIgniter.php(457): CodeIgniter\CodeIgniter->runController(Object(App\Controllers\Admin\Dashboard))
 8 SYSTEMPATH\CodeIgniter.php(340): CodeIgniter\CodeIgniter->handleRequest(null, Object(Config\Cache), false)
 9 FCPATH\index.php(67): CodeIgniter\CodeIgniter->run()
CRITICAL - 2023-02-20 05:42:58 --> Undefined variable: title
in APPPATH\Views\Admin\sidebar.php on line 50.
 1 APPPATH\Views\Admin\sidebar.php(50): CodeIgniter\Debug\Exceptions->errorHandler(8, 'Undefined variable: title', 'APPPATH\\Views\\Admin\\sidebar.php', 50, [...])
 2 SYSTEMPATH\View\View.php(213): include('APPPATH\\Views\\Admin\\sidebar.php')
 3 SYSTEMPATH\View\View.php(216): CodeIgniter\View\View->CodeIgniter\View\{closure}()
 4 SYSTEMPATH\Common.php(1137): CodeIgniter\View\View->render('Admin/sidebar', [], true)
 5 APPPATH\Controllers\Admin\Dashboard.php(38): view('Admin/sidebar')
 6 SYSTEMPATH\CodeIgniter.php(904): App\Controllers\Admin\Dashboard->index()
 7 SYSTEMPATH\CodeIgniter.php(457): CodeIgniter\CodeIgniter->runController(Object(App\Controllers\Admin\Dashboard))
 8 SYSTEMPATH\CodeIgniter.php(340): CodeIgniter\CodeIgniter->handleRequest(null, Object(Config\Cache), false)
 9 FCPATH\index.php(67): CodeIgniter\CodeIgniter->run()
CRITICAL - 2023-02-20 06:06:10 --> Call to undefined method CodeIgniter\HTTP\URI::segment()
in APPPATH\Helpers\Global_helper.php on line 155.
 1 APPPATH\Views\Admin\sidebar.php(50): add_main_based_menu_with_permission('Dashboard', 'http://test.dns/ecommerce/public/Admin/Dashboard', '1', 'fa-tachometer-alt', 'Dashboard')
 2 SYSTEMPATH\View\View.php(213): include('APPPATH\\Views\\Admin\\sidebar.php')
 3 SYSTEMPATH\View\View.php(216): CodeIgniter\View\View->CodeIgniter\View\{closure}()
 4 SYSTEMPATH\Common.php(1137): CodeIgniter\View\View->render('Admin/sidebar', [], true)
 5 APPPATH\Controllers\Admin\Dashboard.php(38): view('Admin/sidebar')
 6 SYSTEMPATH\CodeIgniter.php(904): App\Controllers\Admin\Dashboard->index()
 7 SYSTEMPATH\CodeIgniter.php(457): CodeIgniter\CodeIgniter->runController(Object(App\Controllers\Admin\Dashboard))
 8 SYSTEMPATH\CodeIgniter.php(340): CodeIgniter\CodeIgniter->handleRequest(null, Object(Config\Cache), false)
 9 FCPATH\index.php(67): CodeIgniter\CodeIgniter->run()
CRITICAL - 2023-02-20 06:53:52 --> Undefined property: App\Controllers\Admin\Dashboard::$uri
in APPPATH\Controllers\Admin\Dashboard.php on line 33.
 1 APPPATH\Controllers\Admin\Dashboard.php(33): CodeIgniter\Debug\Exceptions->errorHandler(8, 'Undefined property: App\\Controllers\\Admin\\Dashboard::$uri', 'APPPATH\\Controllers\\Admin\\Dashboard.php', 33, [...])
 2 SYSTEMPATH\CodeIgniter.php(904): App\Controllers\Admin\Dashboard->index()
 3 SYSTEMPATH\CodeIgniter.php(457): CodeIgniter\CodeIgniter->runController(Object(App\Controllers\Admin\Dashboard))
 4 SYSTEMPATH\CodeIgniter.php(340): CodeIgniter\CodeIgniter->handleRequest(null, Object(Config\Cache), false)
 5 FCPATH\index.php(67): CodeIgniter\CodeIgniter->run()
CRITICAL - 2023-02-20 06:57:46 --> Call to undefined method CodeIgniter\HTTP\URI::segment()
in APPPATH\Controllers\Admin\Dashboard.php on line 33.
 1 SYSTEMPATH\CodeIgniter.php(904): App\Controllers\Admin\Dashboard->index()
 2 SYSTEMPATH\CodeIgniter.php(457): CodeIgniter\CodeIgniter->runController(Object(App\Controllers\Admin\Dashboard))
 3 SYSTEMPATH\CodeIgniter.php(340): CodeIgniter\CodeIgniter->handleRequest(null, Object(Config\Cache), false)
 4 FCPATH\index.php(67): CodeIgniter\CodeIgniter->run()
CRITICAL - 2023-02-20 06:57:55 --> Call to undefined method CodeIgniter\HTTP\URI::segment()
in APPPATH\Controllers\Admin\Dashboard.php on line 33.
 1 SYSTEMPATH\CodeIgniter.php(904): App\Controllers\Admin\Dashboard->index()
 2 SYSTEMPATH\CodeIgniter.php(457): CodeIgniter\CodeIgniter->runController(Object(App\Controllers\Admin\Dashboard))
 3 SYSTEMPATH\CodeIgniter.php(340): CodeIgniter\CodeIgniter->handleRequest(null, Object(Config\Cache), false)
 4 FCPATH\index.php(67): CodeIgniter\CodeIgniter->run()
CRITICAL - 2023-02-20 06:58:39 --> Call to undefined method App\Controllers\Admin\Dashboard::segment()
in APPPATH\Controllers\Admin\Dashboard.php on line 33.
 1 SYSTEMPATH\CodeIgniter.php(904): App\Controllers\Admin\Dashboard->index()
 2 SYSTEMPATH\CodeIgniter.php(457): CodeIgniter\CodeIgniter->runController(Object(App\Controllers\Admin\Dashboard))
 3 SYSTEMPATH\CodeIgniter.php(340): CodeIgniter\CodeIgniter->handleRequest(null, Object(Config\Cache), false)
 4 FCPATH\index.php(67): CodeIgniter\CodeIgniter->run()
CRITICAL - 2023-02-20 06:59:11 --> Call to undefined method App\Controllers\Admin\Dashboard::uri_segment()
in APPPATH\Controllers\Admin\Dashboard.php on line 33.
 1 SYSTEMPATH\CodeIgniter.php(904): App\Controllers\Admin\Dashboard->index()
 2 SYSTEMPATH\CodeIgniter.php(457): CodeIgniter\CodeIgniter->runController(Object(App\Controllers\Admin\Dashboard))
 3 SYSTEMPATH\CodeIgniter.php(340): CodeIgniter\CodeIgniter->handleRequest(null, Object(Config\Cache), false)
 4 FCPATH\index.php(67): CodeIgniter\CodeIgniter->run()
CRITICAL - 2023-02-20 06:59:41 --> Call to undefined method App\Controllers\Admin\Dashboard::uri_segment()
in APPPATH\Controllers\Admin\Dashboard.php on line 33.
 1 SYSTEMPATH\CodeIgniter.php(904): App\Controllers\Admin\Dashboard->index()
 2 SYSTEMPATH\CodeIgniter.php(457): CodeIgniter\CodeIgniter->runController(Object(App\Controllers\Admin\Dashboard))
 3 SYSTEMPATH\CodeIgniter.php(340): CodeIgniter\CodeIgniter->handleRequest(null, Object(Config\Cache), false)
 4 FCPATH\index.php(67): CodeIgniter\CodeIgniter->run()
CRITICAL - 2023-02-20 06:59:51 --> syntax error, unexpected 'die' (T_EXIT)
in APPPATH\Controllers\Admin\Dashboard.php on line 34.
 1 SYSTEMPATH\Router\Router.php(499): CodeIgniter\Router\AutoRouter->getRoute('Admin/Dashboard')
 2 SYSTEMPATH\Router\Router.php(205): CodeIgniter\Router\Router->autoRoute('Admin/Dashboard')
 3 SYSTEMPATH\CodeIgniter.php(779): CodeIgniter\Router\Router->handle('Admin/Dashboard')
 4 SYSTEMPATH\CodeIgniter.php(406): CodeIgniter\CodeIgniter->tryToRouteIt(Object(CodeIgniter\Router\RouteCollection))
 5 SYSTEMPATH\CodeIgniter.php(340): CodeIgniter\CodeIgniter->handleRequest(null, Object(Config\Cache), false)
 6 FCPATH\index.php(67): CodeIgniter\CodeIgniter->run()
CRITICAL - 2023-02-20 07:00:01 --> Undefined property: App\Controllers\Admin\Dashboard::$uri
in APPPATH\Controllers\Admin\Dashboard.php on line 33.
 1 APPPATH\Controllers\Admin\Dashboard.php(33): CodeIgniter\Debug\Exceptions->errorHandler(8, 'Undefined property: App\\Controllers\\Admin\\Dashboard::$uri', 'APPPATH\\Controllers\\Admin\\Dashboard.php', 33, [...])
 2 SYSTEMPATH\CodeIgniter.php(904): App\Controllers\Admin\Dashboard->index()
 3 SYSTEMPATH\CodeIgniter.php(457): CodeIgniter\CodeIgniter->runController(Object(App\Controllers\Admin\Dashboard))
 4 SYSTEMPATH\CodeIgniter.php(340): CodeIgniter\CodeIgniter->handleRequest(null, Object(Config\Cache), false)
 5 FCPATH\index.php(67): CodeIgniter\CodeIgniter->run()
CRITICAL - 2023-02-20 07:00:16 --> Undefined property: App\Controllers\Admin\Dashboard::$http://test.dns/ecommerce/public/index.php/Admin/Dashboard
in APPPATH\Controllers\Admin\Dashboard.php on line 33.
 1 APPPATH\Controllers\Admin\Dashboard.php(33): CodeIgniter\Debug\Exceptions->errorHandler(8, 'Undefined property: App\\Controllers\\Admin\\Dashboard::$http://test.dns/ecommerce/public/index.php/Admin/Dashboard', 'APPPATH\\Controllers\\Admin\\Dashboard.php', 33, [...])
 2 SYSTEMPATH\CodeIgniter.php(904): App\Controllers\Admin\Dashboard->index()
 3 SYSTEMPATH\CodeIgniter.php(457): CodeIgniter\CodeIgniter->runController(Object(App\Controllers\Admin\Dashboard))
 4 SYSTEMPATH\CodeIgniter.php(340): CodeIgniter\CodeIgniter->handleRequest(null, Object(Config\Cache), false)
 5 FCPATH\index.php(67): CodeIgniter\CodeIgniter->run()
CRITICAL - 2023-02-20 07:01:19 --> Call to undefined function App\Controllers\Admin\segment()
in APPPATH\Controllers\Admin\Dashboard.php on line 34.
 1 SYSTEMPATH\CodeIgniter.php(904): App\Controllers\Admin\Dashboard->index()
 2 SYSTEMPATH\CodeIgniter.php(457): CodeIgniter\CodeIgniter->runController(Object(App\Controllers\Admin\Dashboard))
 3 SYSTEMPATH\CodeIgniter.php(340): CodeIgniter\CodeIgniter->handleRequest(null, Object(Config\Cache), false)
 4 FCPATH\index.php(67): CodeIgniter\CodeIgniter->run()
CRITICAL - 2023-02-20 07:01:53 --> Call to undefined function App\Controllers\Admin\uri_segment()
in APPPATH\Controllers\Admin\Dashboard.php on line 34.
 1 SYSTEMPATH\CodeIgniter.php(904): App\Controllers\Admin\Dashboard->index()
 2 SYSTEMPATH\CodeIgniter.php(457): CodeIgniter\CodeIgniter->runController(Object(App\Controllers\Admin\Dashboard))
 3 SYSTEMPATH\CodeIgniter.php(340): CodeIgniter\CodeIgniter->handleRequest(null, Object(Config\Cache), false)
 4 FCPATH\index.php(67): CodeIgniter\CodeIgniter->run()
CRITICAL - 2023-02-20 07:02:01 --> Call to undefined function App\Controllers\Admin\uri_segment()
in APPPATH\Controllers\Admin\Dashboard.php on line 34.
 1 SYSTEMPATH\CodeIgniter.php(904): App\Controllers\Admin\Dashboard->index()
 2 SYSTEMPATH\CodeIgniter.php(457): CodeIgniter\CodeIgniter->runController(Object(App\Controllers\Admin\Dashboard))
 3 SYSTEMPATH\CodeIgniter.php(340): CodeIgniter\CodeIgniter->handleRequest(null, Object(Config\Cache), false)
 4 FCPATH\index.php(67): CodeIgniter\CodeIgniter->run()
CRITICAL - 2023-02-20 07:03:45 --> Too few arguments to function url_title(), 0 passed in C:\xampp\htdocs\test\ecommerce\app\Controllers\Admin\Dashboard.php on line 34 and at least 1 expected
in SYSTEMPATH\Helpers\url_helper.php on line 475.
 1 APPPATH\Controllers\Admin\Dashboard.php(34): url_title()
 2 SYSTEMPATH\CodeIgniter.php(904): App\Controllers\Admin\Dashboard->index()
 3 SYSTEMPATH\CodeIgniter.php(457): CodeIgniter\CodeIgniter->runController(Object(App\Controllers\Admin\Dashboard))
 4 SYSTEMPATH\CodeIgniter.php(340): CodeIgniter\CodeIgniter->handleRequest(null, Object(Config\Cache), false)
 5 FCPATH\index.php(67): CodeIgniter\CodeIgniter->run()
CRITICAL - 2023-02-20 07:05:33 --> Too few arguments to function url_to(), 0 passed in C:\xampp\htdocs\test\ecommerce\app\Controllers\Admin\Dashboard.php on line 35 and exactly 1 expected
in SYSTEMPATH\Helpers\url_helper.php on line 533.
 1 APPPATH\Controllers\Admin\Dashboard.php(35): url_to()
 2 SYSTEMPATH\CodeIgniter.php(904): App\Controllers\Admin\Dashboard->index()
 3 SYSTEMPATH\CodeIgniter.php(457): CodeIgniter\CodeIgniter->runController(Object(App\Controllers\Admin\Dashboard))
 4 SYSTEMPATH\CodeIgniter.php(340): CodeIgniter\CodeIgniter->handleRequest(null, Object(Config\Cache), false)
 5 FCPATH\index.php(67): CodeIgniter\CodeIgniter->run()
CRITICAL - 2023-02-20 07:05:59 --> Too few arguments to function url_is(), 0 passed in C:\xampp\htdocs\test\ecommerce\app\Controllers\Admin\Dashboard.php on line 35 and exactly 1 expected
in SYSTEMPATH\Helpers\url_helper.php on line 558.
 1 APPPATH\Controllers\Admin\Dashboard.php(35): url_is()
 2 SYSTEMPATH\CodeIgniter.php(904): App\Controllers\Admin\Dashboard->index()
 3 SYSTEMPATH\CodeIgniter.php(457): CodeIgniter\CodeIgniter->runController(Object(App\Controllers\Admin\Dashboard))
 4 SYSTEMPATH\CodeIgniter.php(340): CodeIgniter\CodeIgniter->handleRequest(null, Object(Config\Cache), false)
 5 FCPATH\index.php(67): CodeIgniter\CodeIgniter->run()
CRITICAL - 2023-02-20 07:06:25 --> Too few arguments to function url_is(), 0 passed in C:\xampp\htdocs\test\ecommerce\app\Controllers\Admin\Dashboard.php on line 35 and exactly 1 expected
in SYSTEMPATH\Helpers\url_helper.php on line 558.
 1 APPPATH\Controllers\Admin\Dashboard.php(35): url_is()
 2 SYSTEMPATH\CodeIgniter.php(904): App\Controllers\Admin\Dashboard->index()
 3 SYSTEMPATH\CodeIgniter.php(457): CodeIgniter\CodeIgniter->runController(Object(App\Controllers\Admin\Dashboard))
 4 SYSTEMPATH\CodeIgniter.php(340): CodeIgniter\CodeIgniter->handleRequest(null, Object(Config\Cache), false)
 5 FCPATH\index.php(67): CodeIgniter\CodeIgniter->run()
CRITICAL - 2023-02-20 07:10:35 --> Call to undefined function App\Controllers\Admin\partial_uri()
in APPPATH\Controllers\Admin\Dashboard.php on line 35.
 1 SYSTEMPATH\CodeIgniter.php(904): App\Controllers\Admin\Dashboard->index()
 2 SYSTEMPATH\CodeIgniter.php(457): CodeIgniter\CodeIgniter->runController(Object(App\Controllers\Admin\Dashboard))
 3 SYSTEMPATH\CodeIgniter.php(340): CodeIgniter\CodeIgniter->handleRequest(null, Object(Config\Cache), false)
 4 FCPATH\index.php(67): CodeIgniter\CodeIgniter->run()
CRITICAL - 2023-02-20 07:12:07 --> Call to undefined function App\Controllers\Admin\partial_uri()
in APPPATH\Controllers\Admin\Dashboard.php on line 35.
 1 SYSTEMPATH\CodeIgniter.php(904): App\Controllers\Admin\Dashboard->index()
 2 SYSTEMPATH\CodeIgniter.php(457): CodeIgniter\CodeIgniter->runController(Object(App\Controllers\Admin\Dashboard))
 3 SYSTEMPATH\CodeIgniter.php(340): CodeIgniter\CodeIgniter->handleRequest(null, Object(Config\Cache), false)
 4 FCPATH\index.php(67): CodeIgniter\CodeIgniter->run()
CRITICAL - 2023-02-20 07:18:25 --> Call to undefined function getAllListInOption()
in FCPATH\admin\dist\js\ajaxScript.php on line 277.
 1 APPPATH\Views\Admin\footer.php(52): require_once()
 2 SYSTEMPATH\View\View.php(213): include('APPPATH\\Views\\Admin\\footer.php')
 3 SYSTEMPATH\View\View.php(216): CodeIgniter\View\View->CodeIgniter\View\{closure}()
 4 SYSTEMPATH\Common.php(1137): CodeIgniter\View\View->render('Admin/footer', [], true)
 5 APPPATH\Controllers\Admin\Dashboard.php(50): view('Admin/footer')
 6 SYSTEMPATH\CodeIgniter.php(904): App\Controllers\Admin\Dashboard->index()
 7 SYSTEMPATH\CodeIgniter.php(457): CodeIgniter\CodeIgniter->runController(Object(App\Controllers\Admin\Dashboard))
 8 SYSTEMPATH\CodeIgniter.php(340): CodeIgniter\CodeIgniter->handleRequest(null, Object(Config\Cache), false)
 9 FCPATH\index.php(67): CodeIgniter\CodeIgniter->run()
CRITICAL - 2023-02-20 07:19:55 --> Call to undefined function getAllListInOption()
in FCPATH\admin\dist\js\ajaxScript.php on line 277.
 1 APPPATH\Views\Admin\footer.php(52): require_once()
 2 SYSTEMPATH\View\View.php(213): include('APPPATH\\Views\\Admin\\footer.php')
 3 SYSTEMPATH\View\View.php(216): CodeIgniter\View\View->CodeIgniter\View\{closure}()
 4 SYSTEMPATH\Common.php(1137): CodeIgniter\View\View->render('Admin/footer', [], true)
 5 APPPATH\Controllers\Admin\Dashboard.php(50): view('Admin/footer')
 6 SYSTEMPATH\CodeIgniter.php(904): App\Controllers\Admin\Dashboard->index()
 7 SYSTEMPATH\CodeIgniter.php(457): CodeIgniter\CodeIgniter->runController(Object(App\Controllers\Admin\Dashboard))
 8 SYSTEMPATH\CodeIgniter.php(340): CodeIgniter\CodeIgniter->handleRequest(null, Object(Config\Cache), false)
 9 FCPATH\index.php(67): CodeIgniter\CodeIgniter->run()
CRITICAL - 2023-02-20 07:19:57 --> Call to undefined function getAllListInOption()
in FCPATH\admin\dist\js\ajaxScript.php on line 277.
 1 APPPATH\Views\Admin\footer.php(52): require_once()
 2 SYSTEMPATH\View\View.php(213): include('APPPATH\\Views\\Admin\\footer.php')
 3 SYSTEMPATH\View\View.php(216): CodeIgniter\View\View->CodeIgniter\View\{closure}()
 4 SYSTEMPATH\Common.php(1137): CodeIgniter\View\View->render('Admin/footer', [], true)
 5 APPPATH\Controllers\Admin\Dashboard.php(50): view('Admin/footer')
 6 SYSTEMPATH\CodeIgniter.php(904): App\Controllers\Admin\Dashboard->index()
 7 SYSTEMPATH\CodeIgniter.php(457): CodeIgniter\CodeIgniter->runController(Object(App\Controllers\Admin\Dashboard))
 8 SYSTEMPATH\CodeIgniter.php(340): CodeIgniter\CodeIgniter->handleRequest(null, Object(Config\Cache), false)
 9 FCPATH\index.php(67): CodeIgniter\CodeIgniter->run()
CRITICAL - 2023-02-20 07:19:59 --> Call to undefined function getAllListInOption()
in FCPATH\admin\dist\js\ajaxScript.php on line 277.
 1 APPPATH\Views\Admin\footer.php(52): require_once()
 2 SYSTEMPATH\View\View.php(213): include('APPPATH\\Views\\Admin\\footer.php')
 3 SYSTEMPATH\View\View.php(216): CodeIgniter\View\View->CodeIgniter\View\{closure}()
 4 SYSTEMPATH\Common.php(1137): CodeIgniter\View\View->render('Admin/footer', [], true)
 5 APPPATH\Controllers\Admin\Dashboard.php(50): view('Admin/footer')
 6 SYSTEMPATH\CodeIgniter.php(904): App\Controllers\Admin\Dashboard->index()
 7 SYSTEMPATH\CodeIgniter.php(457): CodeIgniter\CodeIgniter->runController(Object(App\Controllers\Admin\Dashboard))
 8 SYSTEMPATH\CodeIgniter.php(340): CodeIgniter\CodeIgniter->handleRequest(null, Object(Config\Cache), false)
 9 FCPATH\index.php(67): CodeIgniter\CodeIgniter->run()
