ERROR - 2023-02-21 04:37:25 --> mysqli_sql_exception: Unknown column 'con_password' in 'field list' in C:\xampp\htdocs\test\ecommerce\system\Database\MySQLi\Connection.php:292
Stack trace:
#0 C:\xampp\htdocs\test\ecommerce\system\Database\MySQLi\Connection.php(292): mysqli->query('INSERT INTO `us...', 0)
#1 C:\xampp\htdocs\test\ecommerce\system\Database\BaseConnection.php(693): CodeIgniter\Database\MySQLi\Connection->execute('INSERT INTO `us...')
#2 C:\xampp\htdocs\test\ecommerce\system\Database\BaseConnection.php(620): CodeIgniter\Database\BaseConnection->simpleQuery('INSERT INTO `us...')
#3 C:\xampp\htdocs\test\ecommerce\system\Database\BaseBuilder.php(1916): CodeIgniter\Database\BaseConnection->query('INSERT INTO `us...', Array, false)
#4 C:\xampp\htdocs\test\ecommerce\app\Controllers\Admin\User.php(99): CodeIgniter\Database\BaseBuilder->insert(Array)
#5 C:\xampp\htdocs\test\ecommerce\system\CodeIgniter.php(904): App\Controllers\Admin\User->create_action()
#6 C:\xampp\htdocs\test\ecommerce\system\CodeIgniter.php(457): CodeIgniter\CodeIgniter->runController(Object(App\Controllers\Admin\User))
#7 C:\xampp\htdocs\test\ecommerce\system\CodeIgniter.php(340): CodeIgniter\CodeIgniter->handleRequest(NULL, Object(Config\Cache), false)
#8 C:\xampp\htdocs\test\ecommerce\public\index.php(67): CodeIgniter\CodeIgniter->run()
#9 {main}
CRITICAL - 2023-02-21 04:37:25 --> Unknown column 'con_password' in 'field list'
in SYSTEMPATH\Database\MySQLi\Connection.php on line 292.
 1 SYSTEMPATH\Database\MySQLi\Connection.php(292): mysqli->query('INSERT INTO `users` (`name`, `email`, `role_id`, `password`, `con_password`, `createdBy`) VALUES (\'Maneger\', \'maneger@gmail.com\', \'1\', \'12345678\', \'12345678\', \'1\')', 0)
 2 SYSTEMPATH\Database\BaseConnection.php(693): CodeIgniter\Database\MySQLi\Connection->execute('INSERT INTO `users` (`name`, `email`, `role_id`, `password`, `con_password`, `createdBy`) VALUES (\'Maneger\', \'maneger@gmail.com\', \'1\', \'12345678\', \'12345678\', \'1\')')
 3 SYSTEMPATH\Database\BaseConnection.php(620): CodeIgniter\Database\BaseConnection->simpleQuery('INSERT INTO `users` (`name`, `email`, `role_id`, `password`, `con_password`, `createdBy`) VALUES (\'Maneger\', \'maneger@gmail.com\', \'1\', \'12345678\', \'12345678\', \'1\')')
 4 SYSTEMPATH\Database\BaseBuilder.php(1916): CodeIgniter\Database\BaseConnection->query('INSERT INTO `users` (`name`, `email`, `role_id`, `password`, `con_password`, `createdBy`) VALUES (:name:, :email:, :role_id:, :password:, :con_password:, :createdBy:)', [...], false)
 5 APPPATH\Controllers\Admin\User.php(99): CodeIgniter\Database\BaseBuilder->insert([...])
 6 SYSTEMPATH\CodeIgniter.php(904): App\Controllers\Admin\User->create_action()
 7 SYSTEMPATH\CodeIgniter.php(457): CodeIgniter\CodeIgniter->runController(Object(App\Controllers\Admin\User))
 8 SYSTEMPATH\CodeIgniter.php(340): CodeIgniter\CodeIgniter->handleRequest(null, Object(Config\Cache), false)
 9 FCPATH\index.php(67): CodeIgniter\CodeIgniter->run()
CRITICAL - 2023-02-21 04:39:59 --> Undefined property: stdClass::$role
in APPPATH\Views\Admin\User\index.php on line 55.
 1 APPPATH\Views\Admin\User\index.php(55): CodeIgniter\Debug\Exceptions->errorHandler(8, 'Undefined property: stdClass::$role', 'APPPATH\\Views\\Admin\\User\\index.php', 55, [...])
 2 SYSTEMPATH\View\View.php(213): include('APPPATH\\Views\\Admin\\User\\index.php')
 3 SYSTEMPATH\View\View.php(216): CodeIgniter\View\View->CodeIgniter\View\{closure}()
 4 SYSTEMPATH\Common.php(1137): CodeIgniter\View\View->render('Admin/User/index', [], true)
 5 APPPATH\Controllers\Admin\User.php(45): view('Admin/User/index', [...])
 6 SYSTEMPATH\CodeIgniter.php(904): App\Controllers\Admin\User->index()
 7 SYSTEMPATH\CodeIgniter.php(457): CodeIgniter\CodeIgniter->runController(Object(App\Controllers\Admin\User))
 8 SYSTEMPATH\CodeIgniter.php(340): CodeIgniter\CodeIgniter->handleRequest(null, Object(Config\Cache), false)
 9 FCPATH\index.php(67): CodeIgniter\CodeIgniter->run()
CRITICAL - 2023-02-21 06:56:07 --> Undefined variable: brand
in APPPATH\Views\Admin\Role\index.php on line 47.
 1 APPPATH\Views\Admin\Role\index.php(47): CodeIgniter\Debug\Exceptions->errorHandler(8, 'Undefined variable: brand', 'APPPATH\\Views\\Admin\\Role\\index.php', 47, [...])
 2 SYSTEMPATH\View\View.php(213): include('APPPATH\\Views\\Admin\\Role\\index.php')
 3 SYSTEMPATH\View\View.php(216): CodeIgniter\View\View->CodeIgniter\View\{closure}()
 4 SYSTEMPATH\Common.php(1137): CodeIgniter\View\View->render('Admin/Role/index', [], true)
 5 APPPATH\Controllers\Admin\Role.php(45): view('Admin/Role/index', [...])
 6 SYSTEMPATH\CodeIgniter.php(904): App\Controllers\Admin\Role->index()
 7 SYSTEMPATH\CodeIgniter.php(457): CodeIgniter\CodeIgniter->runController(Object(App\Controllers\Admin\Role))
 8 SYSTEMPATH\CodeIgniter.php(340): CodeIgniter\CodeIgniter->handleRequest(null, Object(Config\Cache), false)
 9 FCPATH\index.php(67): CodeIgniter\CodeIgniter->run()
ERROR - 2023-02-21 09:01:33 --> mysqli_sql_exception: Unknown column 'name' in 'field list' in C:\xampp\htdocs\test\ecommerce\system\Database\MySQLi\Connection.php:292
Stack trace:
#0 C:\xampp\htdocs\test\ecommerce\system\Database\MySQLi\Connection.php(292): mysqli->query('INSERT INTO `cu...', 0)
#1 C:\xampp\htdocs\test\ecommerce\system\Database\BaseConnection.php(693): CodeIgniter\Database\MySQLi\Connection->execute('INSERT INTO `cu...')
#2 C:\xampp\htdocs\test\ecommerce\system\Database\BaseConnection.php(620): CodeIgniter\Database\BaseConnection->simpleQuery('INSERT INTO `cu...')
#3 C:\xampp\htdocs\test\ecommerce\system\Database\BaseBuilder.php(1916): CodeIgniter\Database\BaseConnection->query('INSERT INTO `cu...', Array, false)
#4 C:\xampp\htdocs\test\ecommerce\app\Controllers\Admin\Customers.php(104): CodeIgniter\Database\BaseBuilder->insert(Array)
#5 C:\xampp\htdocs\test\ecommerce\system\CodeIgniter.php(904): App\Controllers\Admin\Customers->create_action()
#6 C:\xampp\htdocs\test\ecommerce\system\CodeIgniter.php(457): CodeIgniter\CodeIgniter->runController(Object(App\Controllers\Admin\Customers))
#7 C:\xampp\htdocs\test\ecommerce\system\CodeIgniter.php(340): CodeIgniter\CodeIgniter->handleRequest(NULL, Object(Config\Cache), false)
#8 C:\xampp\htdocs\test\ecommerce\public\index.php(67): CodeIgniter\CodeIgniter->run()
#9 {main}
CRITICAL - 2023-02-21 09:01:33 --> Unknown column 'name' in 'field list'
in SYSTEMPATH\Database\MySQLi\Connection.php on line 292.
 1 SYSTEMPATH\Database\MySQLi\Connection.php(292): mysqli->query('INSERT INTO `customers` (`name`, `mobile`, `pass`, `password`, `createdBy`) VALUES (\'new customer\', \'01923121212\', \'12345678\', \'7c222fb2927d828af22f592134e8932480637c0d\', \'1\')', 0)
 2 SYSTEMPATH\Database\BaseConnection.php(693): CodeIgniter\Database\MySQLi\Connection->execute('INSERT INTO `customers` (`name`, `mobile`, `pass`, `password`, `createdBy`) VALUES (\'new customer\', \'01923121212\', \'12345678\', \'7c222fb2927d828af22f592134e8932480637c0d\', \'1\')')
 3 SYSTEMPATH\Database\BaseConnection.php(620): CodeIgniter\Database\BaseConnection->simpleQuery('INSERT INTO `customers` (`name`, `mobile`, `pass`, `password`, `createdBy`) VALUES (\'new customer\', \'01923121212\', \'12345678\', \'7c222fb2927d828af22f592134e8932480637c0d\', \'1\')')
 4 SYSTEMPATH\Database\BaseBuilder.php(1916): CodeIgniter\Database\BaseConnection->query('INSERT INTO `customers` (`name`, `mobile`, `pass`, `password`, `createdBy`) VALUES (:name:, :mobile:, :pass:, :password:, :createdBy:)', [...], false)
 5 APPPATH\Controllers\Admin\Customers.php(104): CodeIgniter\Database\BaseBuilder->insert([...])
 6 SYSTEMPATH\CodeIgniter.php(904): App\Controllers\Admin\Customers->create_action()
 7 SYSTEMPATH\CodeIgniter.php(457): CodeIgniter\CodeIgniter->runController(Object(App\Controllers\Admin\Customers))
 8 SYSTEMPATH\CodeIgniter.php(340): CodeIgniter\CodeIgniter->handleRequest(null, Object(Config\Cache), false)
 9 FCPATH\index.php(67): CodeIgniter\CodeIgniter->run()
CRITICAL - 2023-02-21 22:12:04 --> Undefined property: stdClass::$name
in APPPATH\Views\Admin\Customers\update.php on line 63.
 1 APPPATH\Views\Admin\Customers\update.php(63): CodeIgniter\Debug\Exceptions->errorHandler(8, 'Undefined property: stdClass::$name', 'APPPATH\\Views\\Admin\\Customers\\update.php', 63, [...])
 2 SYSTEMPATH\View\View.php(213): include('APPPATH\\Views\\Admin\\Customers\\update.php')
 3 SYSTEMPATH\View\View.php(216): CodeIgniter\View\View->CodeIgniter\View\{closure}()
 4 SYSTEMPATH\Common.php(1137): CodeIgniter\View\View->render('Admin/Customers/update', [], true)
 5 APPPATH\Controllers\Admin\Customers.php(135): view('Admin/Customers/update', [...])
 6 SYSTEMPATH\CodeIgniter.php(904): App\Controllers\Admin\Customers->update('1')
 7 SYSTEMPATH\CodeIgniter.php(457): CodeIgniter\CodeIgniter->runController(Object(App\Controllers\Admin\Customers))
 8 SYSTEMPATH\CodeIgniter.php(340): CodeIgniter\CodeIgniter->handleRequest(null, Object(Config\Cache), false)
 9 FCPATH\index.php(67): CodeIgniter\CodeIgniter->run()
CRITICAL - 2023-02-21 22:34:52 --> Undefined variable: Customers_id
in APPPATH\Controllers\Admin\Customers.php on line 161.
 1 APPPATH\Controllers\Admin\Customers.php(161): CodeIgniter\Debug\Exceptions->errorHandler(8, 'Undefined variable: Customers_id', 'APPPATH\\Controllers\\Admin\\Customers.php', 161, [...])
 2 SYSTEMPATH\CodeIgniter.php(904): App\Controllers\Admin\Customers->update_action()
 3 SYSTEMPATH\CodeIgniter.php(457): CodeIgniter\CodeIgniter->runController(Object(App\Controllers\Admin\Customers))
 4 SYSTEMPATH\CodeIgniter.php(340): CodeIgniter\CodeIgniter->handleRequest(null, Object(Config\Cache), false)
 5 FCPATH\index.php(67): CodeIgniter\CodeIgniter->run()
